[16-Jun-2023 14:57:11 UTC] PHP Warning:  Array to string conversion in C:\Users\pin-d\Local Sites\template-with-categories\app\public\wp-content\themes\template\functions.php on line 24
[16-Jun-2023 14:57:11 UTC] PHP Warning:  Array to string conversion in C:\Users\pin-d\Local Sites\template-with-categories\app\public\wp-content\themes\template\functions.php on line 24
[16-Jun-2023 14:57:11 UTC] PHP Warning:  Array to string conversion in C:\Users\pin-d\Local Sites\template-with-categories\app\public\wp-content\themes\template\functions.php on line 24
[16-Jun-2023 14:57:11 UTC] PHP Warning:  Array to string conversion in C:\Users\pin-d\Local Sites\template-with-categories\app\public\wp-content\themes\template\functions.php on line 24
[16-Jun-2023 14:57:11 UTC] PHP Warning:  Array to string conversion in C:\Users\pin-d\Local Sites\template-with-categories\app\public\wp-content\themes\template\functions.php on line 24
[16-Jun-2023 14:57:11 UTC] PHP Warning:  Array to string conversion in C:\Users\pin-d\Local Sites\template-with-categories\app\public\wp-content\themes\template\functions.php on line 24
[16-Jun-2023 14:57:11 UTC] PHP Warning:  Array to string conversion in C:\Users\pin-d\Local Sites\template-with-categories\app\public\wp-content\themes\template\functions.php on line 24
[16-Jun-2023 14:57:11 UTC] PHP Warning:  Array to string conversion in C:\Users\pin-d\Local Sites\template-with-categories\app\public\wp-content\themes\template\functions.php on line 24
[16-Jun-2023 14:57:11 UTC] PHP Warning:  Array to string conversion in C:\Users\pin-d\Local Sites\template-with-categories\app\public\wp-content\themes\template\functions.php on line 24
[16-Jun-2023 14:57:11 UTC] PHP Warning:  Array to string conversion in C:\Users\pin-d\Local Sites\template-with-categories\app\public\wp-content\themes\template\functions.php on line 24
[16-Jun-2023 14:57:11 UTC] PHP Warning:  Array to string conversion in C:\Users\pin-d\Local Sites\template-with-categories\app\public\wp-content\themes\template\functions.php on line 24
[16-Jun-2023 14:57:11 UTC] PHP Warning:  Array to string conversion in C:\Users\pin-d\Local Sites\template-with-categories\app\public\wp-content\themes\template\functions.php on line 24
[16-Jun-2023 14:57:11 UTC] PHP Warning:  Array to string conversion in C:\Users\pin-d\Local Sites\template-with-categories\app\public\wp-content\themes\template\functions.php on line 24
[16-Jun-2023 14:57:11 UTC] PHP Warning:  Array to string conversion in C:\Users\pin-d\Local Sites\template-with-categories\app\public\wp-content\themes\template\functions.php on line 24
[16-Jun-2023 14:57:11 UTC] PHP Warning:  Array to string conversion in C:\Users\pin-d\Local Sites\template-with-categories\app\public\wp-content\themes\template\functions.php on line 24
[16-Jun-2023 14:57:11 UTC] PHP Warning:  Array to string conversion in C:\Users\pin-d\Local Sites\template-with-categories\app\public\wp-content\themes\template\functions.php on line 24
[16-Jun-2023 14:57:11 UTC] PHP Warning:  Array to string conversion in C:\Users\pin-d\Local Sites\template-with-categories\app\public\wp-content\themes\template\functions.php on line 24
[16-Jun-2023 14:57:11 UTC] PHP Warning:  Array to string conversion in C:\Users\pin-d\Local Sites\template-with-categories\app\public\wp-content\themes\template\functions.php on line 24
[16-Jun-2023 14:57:11 UTC] PHP Warning:  Array to string conversion in C:\Users\pin-d\Local Sites\template-with-categories\app\public\wp-content\themes\template\functions.php on line 24
[16-Jun-2023 14:57:11 UTC] PHP Warning:  Array to string conversion in C:\Users\pin-d\Local Sites\template-with-categories\app\public\wp-content\themes\template\functions.php on line 24
[16-Jun-2023 14:57:11 UTC] PHP Warning:  Array to string conversion in C:\Users\pin-d\Local Sites\template-with-categories\app\public\wp-content\themes\template\functions.php on line 24
[16-Jun-2023 14:57:11 UTC] PHP Warning:  Array to string conversion in C:\Users\pin-d\Local Sites\template-with-categories\app\public\wp-content\themes\template\functions.php on line 24
[16-Jun-2023 14:57:11 UTC] PHP Warning:  Array to string conversion in C:\Users\pin-d\Local Sites\template-with-categories\app\public\wp-content\themes\template\functions.php on line 24
[16-Jun-2023 14:57:11 UTC] PHP Warning:  Array to string conversion in C:\Users\pin-d\Local Sites\template-with-categories\app\public\wp-content\themes\template\functions.php on line 24
[16-Jun-2023 14:57:11 UTC] PHP Warning:  Array to string conversion in C:\Users\pin-d\Local Sites\template-with-categories\app\public\wp-content\themes\template\functions.php on line 24
[16-Jun-2023 14:57:11 UTC] PHP Warning:  Array to string conversion in C:\Users\pin-d\Local Sites\template-with-categories\app\public\wp-content\themes\template\functions.php on line 24
[16-Jun-2023 14:57:11 UTC] PHP Warning:  Array to string conversion in C:\Users\pin-d\Local Sites\template-with-categories\app\public\wp-content\themes\template\functions.php on line 24
[16-Jun-2023 14:57:11 UTC] PHP Warning:  Array to string conversion in C:\Users\pin-d\Local Sites\template-with-categories\app\public\wp-content\themes\template\functions.php on line 24
[16-Jun-2023 14:57:11 UTC] PHP Warning:  Array to string conversion in C:\Users\pin-d\Local Sites\template-with-categories\app\public\wp-content\themes\template\functions.php on line 24
[16-Jun-2023 14:57:11 UTC] PHP Warning:  Array to string conversion in C:\Users\pin-d\Local Sites\template-with-categories\app\public\wp-content\themes\template\functions.php on line 24
[16-Jun-2023 14:57:11 UTC] PHP Warning:  Array to string conversion in C:\Users\pin-d\Local Sites\template-with-categories\app\public\wp-content\themes\template\functions.php on line 24
[16-Jun-2023 14:57:11 UTC] PHP Warning:  Array to string conversion in C:\Users\pin-d\Local Sites\template-with-categories\app\public\wp-content\themes\template\functions.php on line 24
[16-Jun-2023 14:57:11 UTC] PHP Warning:  Array to string conversion in C:\Users\pin-d\Local Sites\template-with-categories\app\public\wp-content\themes\template\functions.php on line 24
[16-Jun-2023 14:57:11 UTC] PHP Warning:  Array to string conversion in C:\Users\pin-d\Local Sites\template-with-categories\app\public\wp-content\themes\template\functions.php on line 24
[16-Jun-2023 14:57:11 UTC] PHP Warning:  Array to string conversion in C:\Users\pin-d\Local Sites\template-with-categories\app\public\wp-content\themes\template\functions.php on line 24
[16-Jun-2023 14:57:11 UTC] PHP Warning:  Array to string conversion in C:\Users\pin-d\Local Sites\template-with-categories\app\public\wp-content\themes\template\functions.php on line 24
[16-Jun-2023 14:57:11 UTC] PHP Warning:  Array to string conversion in C:\Users\pin-d\Local Sites\template-with-categories\app\public\wp-content\themes\template\functions.php on line 24
[16-Jun-2023 14:57:11 UTC] PHP Warning:  Array to string conversion in C:\Users\pin-d\Local Sites\template-with-categories\app\public\wp-content\themes\template\functions.php on line 24
[16-Jun-2023 14:57:11 UTC] PHP Warning:  Array to string conversion in C:\Users\pin-d\Local Sites\template-with-categories\app\public\wp-content\themes\template\functions.php on line 24
[16-Jun-2023 14:57:11 UTC] PHP Warning:  Array to string conversion in C:\Users\pin-d\Local Sites\template-with-categories\app\public\wp-content\themes\template\functions.php on line 24
[16-Jun-2023 14:57:11 UTC] PHP Warning:  Array to string conversion in C:\Users\pin-d\Local Sites\template-with-categories\app\public\wp-content\themes\template\functions.php on line 24
[16-Jun-2023 14:57:11 UTC] PHP Warning:  Array to string conversion in C:\Users\pin-d\Local Sites\template-with-categories\app\public\wp-content\themes\template\functions.php on line 24
[16-Jun-2023 14:57:11 UTC] PHP Warning:  Array to string conversion in C:\Users\pin-d\Local Sites\template-with-categories\app\public\wp-content\themes\template\functions.php on line 24
[16-Jun-2023 14:57:11 UTC] PHP Warning:  Array to string conversion in C:\Users\pin-d\Local Sites\template-with-categories\app\public\wp-content\themes\template\functions.php on line 24
[16-Jun-2023 14:57:11 UTC] PHP Warning:  Array to string conversion in C:\Users\pin-d\Local Sites\template-with-categories\app\public\wp-content\themes\template\functions.php on line 24
[16-Jun-2023 14:57:11 UTC] PHP Warning:  Array to string conversion in C:\Users\pin-d\Local Sites\template-with-categories\app\public\wp-content\themes\template\functions.php on line 24
[16-Jun-2023 14:57:11 UTC] PHP Warning:  Array to string conversion in C:\Users\pin-d\Local Sites\template-with-categories\app\public\wp-content\themes\template\functions.php on line 24
[16-Jun-2023 14:57:11 UTC] PHP Warning:  Array to string conversion in C:\Users\pin-d\Local Sites\template-with-categories\app\public\wp-content\themes\template\functions.php on line 24
[16-Jun-2023 14:57:11 UTC] PHP Warning:  Array to string conversion in C:\Users\pin-d\Local Sites\template-with-categories\app\public\wp-content\themes\template\functions.php on line 24
[16-Jun-2023 14:57:11 UTC] PHP Warning:  Array to string conversion in C:\Users\pin-d\Local Sites\template-with-categories\app\public\wp-content\themes\template\functions.php on line 24
[16-Jun-2023 14:57:11 UTC] PHP Warning:  Array to string conversion in C:\Users\pin-d\Local Sites\template-with-categories\app\public\wp-content\themes\template\functions.php on line 24
[16-Jun-2023 14:57:11 UTC] PHP Warning:  Array to string conversion in C:\Users\pin-d\Local Sites\template-with-categories\app\public\wp-content\themes\template\functions.php on line 24
[16-Jun-2023 14:57:11 UTC] PHP Warning:  Array to string conversion in C:\Users\pin-d\Local Sites\template-with-categories\app\public\wp-content\themes\template\functions.php on line 24
[16-Jun-2023 14:57:11 UTC] PHP Warning:  Array to string conversion in C:\Users\pin-d\Local Sites\template-with-categories\app\public\wp-content\themes\template\functions.php on line 24
[16-Jun-2023 14:57:11 UTC] PHP Warning:  Array to string conversion in C:\Users\pin-d\Local Sites\template-with-categories\app\public\wp-content\themes\template\functions.php on line 24
[16-Jun-2023 14:57:11 UTC] PHP Warning:  Array to string conversion in C:\Users\pin-d\Local Sites\template-with-categories\app\public\wp-content\themes\template\functions.php on line 24
[16-Jun-2023 14:57:11 UTC] PHP Warning:  Array to string conversion in C:\Users\pin-d\Local Sites\template-with-categories\app\public\wp-content\themes\template\functions.php on line 24
[16-Jun-2023 14:57:11 UTC] PHP Warning:  Array to string conversion in C:\Users\pin-d\Local Sites\template-with-categories\app\public\wp-content\themes\template\functions.php on line 24
[16-Jun-2023 14:57:11 UTC] PHP Warning:  Array to string conversion in C:\Users\pin-d\Local Sites\template-with-categories\app\public\wp-content\themes\template\functions.php on line 24
[16-Jun-2023 14:57:11 UTC] PHP Warning:  Array to string conversion in C:\Users\pin-d\Local Sites\template-with-categories\app\public\wp-content\themes\template\functions.php on line 24
[16-Jun-2023 14:57:26 UTC] PHP Warning:  Array to string conversion in C:\Users\pin-d\Local Sites\template-with-categories\app\public\wp-content\themes\template\functions.php on line 24
[16-Jun-2023 14:57:26 UTC] PHP Warning:  Array to string conversion in C:\Users\pin-d\Local Sites\template-with-categories\app\public\wp-content\themes\template\functions.php on line 24
[16-Jun-2023 14:57:26 UTC] PHP Warning:  Array to string conversion in C:\Users\pin-d\Local Sites\template-with-categories\app\public\wp-content\themes\template\functions.php on line 24
[16-Jun-2023 14:57:26 UTC] PHP Warning:  Array to string conversion in C:\Users\pin-d\Local Sites\template-with-categories\app\public\wp-content\themes\template\functions.php on line 24
[16-Jun-2023 14:57:26 UTC] PHP Warning:  Array to string conversion in C:\Users\pin-d\Local Sites\template-with-categories\app\public\wp-content\themes\template\functions.php on line 24
[16-Jun-2023 14:57:26 UTC] PHP Warning:  Array to string conversion in C:\Users\pin-d\Local Sites\template-with-categories\app\public\wp-content\themes\template\functions.php on line 24
[16-Jun-2023 14:57:26 UTC] PHP Warning:  Array to string conversion in C:\Users\pin-d\Local Sites\template-with-categories\app\public\wp-content\themes\template\functions.php on line 24
[16-Jun-2023 14:57:26 UTC] PHP Warning:  Array to string conversion in C:\Users\pin-d\Local Sites\template-with-categories\app\public\wp-content\themes\template\functions.php on line 24
[16-Jun-2023 14:57:26 UTC] PHP Warning:  Array to string conversion in C:\Users\pin-d\Local Sites\template-with-categories\app\public\wp-content\themes\template\functions.php on line 24
[16-Jun-2023 14:57:26 UTC] PHP Warning:  Array to string conversion in C:\Users\pin-d\Local Sites\template-with-categories\app\public\wp-content\themes\template\functions.php on line 24
[16-Jun-2023 14:57:26 UTC] PHP Warning:  Array to string conversion in C:\Users\pin-d\Local Sites\template-with-categories\app\public\wp-content\themes\template\functions.php on line 24
[16-Jun-2023 14:57:26 UTC] PHP Warning:  Array to string conversion in C:\Users\pin-d\Local Sites\template-with-categories\app\public\wp-content\themes\template\functions.php on line 24
[16-Jun-2023 14:57:26 UTC] PHP Warning:  Array to string conversion in C:\Users\pin-d\Local Sites\template-with-categories\app\public\wp-content\themes\template\functions.php on line 24
[16-Jun-2023 14:57:26 UTC] PHP Warning:  Array to string conversion in C:\Users\pin-d\Local Sites\template-with-categories\app\public\wp-content\themes\template\functions.php on line 24
[16-Jun-2023 14:57:26 UTC] PHP Warning:  Array to string conversion in C:\Users\pin-d\Local Sites\template-with-categories\app\public\wp-content\themes\template\functions.php on line 24
[16-Jun-2023 14:57:26 UTC] PHP Warning:  Array to string conversion in C:\Users\pin-d\Local Sites\template-with-categories\app\public\wp-content\themes\template\functions.php on line 24
[16-Jun-2023 14:57:26 UTC] PHP Warning:  Array to string conversion in C:\Users\pin-d\Local Sites\template-with-categories\app\public\wp-content\themes\template\functions.php on line 24
[16-Jun-2023 14:57:26 UTC] PHP Warning:  Array to string conversion in C:\Users\pin-d\Local Sites\template-with-categories\app\public\wp-content\themes\template\functions.php on line 24
[16-Jun-2023 14:57:26 UTC] PHP Warning:  Array to string conversion in C:\Users\pin-d\Local Sites\template-with-categories\app\public\wp-content\themes\template\functions.php on line 24
[16-Jun-2023 14:57:26 UTC] PHP Warning:  Array to string conversion in C:\Users\pin-d\Local Sites\template-with-categories\app\public\wp-content\themes\template\functions.php on line 24
[19-Jun-2023 08:55:24 UTC] PHP Fatal error:  Uncaught TypeError: Unsupported operand types: string + int in C:\Users\pin-d\Local Sites\template-with-categories\app\public\wp-content\themes\template\functions.php:121
Stack trace:
#0 C:\Users\pin-d\Local Sites\template-with-categories\app\public\wp-content\themes\template\functions.php(95): render_question_field('{index}', '')
#1 C:\Users\pin-d\Local Sites\template-with-categories\app\public\wp-admin\includes\template.php(1445): render_question_metabox(Object(WP_Post), Array)
#2 C:\Users\pin-d\Local Sites\template-with-categories\app\public\wp-admin\edit-form-advanced.php(688): do_meta_boxes(Object(WP_Screen), 'normal', Object(WP_Post))
#3 C:\Users\pin-d\Local Sites\template-with-categories\app\public\wp-admin\post-new.php(75): require('C:\\Users\\pin-d\\...')
#4 {main}
  thrown in C:\Users\pin-d\Local Sites\template-with-categories\app\public\wp-content\themes\template\functions.php on line 121
[19-Jun-2023 08:55:24 UTC] PHP Warning:  Trying to access array offset on value of type bool in C:\Users\pin-d\Local Sites\template-with-categories\app\public\wp-includes\class-wp-recovery-mode-email-service.php on line 367
[19-Jun-2023 08:55:24 UTC] PHP Warning:  Trying to access array offset on value of type bool in C:\Users\pin-d\Local Sites\template-with-categories\app\public\wp-includes\class-wp-recovery-mode-email-service.php on line 368
[19-Jun-2023 08:57:55 UTC] PHP Fatal error:  Uncaught TypeError: Unsupported operand types: string + int in C:\Users\pin-d\Local Sites\template-with-categories\app\public\wp-content\themes\template\functions.php:121
Stack trace:
#0 C:\Users\pin-d\Local Sites\template-with-categories\app\public\wp-content\themes\template\functions.php(95): render_question_field('{index}', '')
#1 C:\Users\pin-d\Local Sites\template-with-categories\app\public\wp-admin\includes\template.php(1445): render_question_metabox(Object(WP_Post), Array)
#2 C:\Users\pin-d\Local Sites\template-with-categories\app\public\wp-admin\edit-form-advanced.php(688): do_meta_boxes(Object(WP_Screen), 'normal', Object(WP_Post))
#3 C:\Users\pin-d\Local Sites\template-with-categories\app\public\wp-admin\post-new.php(75): require('C:\\Users\\pin-d\\...')
#4 {main}
  thrown in C:\Users\pin-d\Local Sites\template-with-categories\app\public\wp-content\themes\template\functions.php on line 121
[19-Jun-2023 08:59:57 UTC] PHP Fatal error:  Uncaught TypeError: Unsupported operand types: string + int in C:\Users\pin-d\Local Sites\template-with-categories\app\public\wp-content\themes\template\functions.php:121
Stack trace:
#0 C:\Users\pin-d\Local Sites\template-with-categories\app\public\wp-content\themes\template\functions.php(95): render_question_field('{index}', '')
#1 C:\Users\pin-d\Local Sites\template-with-categories\app\public\wp-admin\includes\template.php(1445): render_question_metabox(Object(WP_Post), Array)
#2 C:\Users\pin-d\Local Sites\template-with-categories\app\public\wp-admin\edit-form-advanced.php(688): do_meta_boxes(Object(WP_Screen), 'normal', Object(WP_Post))
#3 C:\Users\pin-d\Local Sites\template-with-categories\app\public\wp-admin\post-new.php(75): require('C:\\Users\\pin-d\\...')
#4 {main}
  thrown in C:\Users\pin-d\Local Sites\template-with-categories\app\public\wp-content\themes\template\functions.php on line 121
[19-Jun-2023 09:00:09 UTC] PHP Fatal error:  Uncaught TypeError: Unsupported operand types: string + int in C:\Users\pin-d\Local Sites\template-with-categories\app\public\wp-content\themes\template\functions.php:121
Stack trace:
#0 C:\Users\pin-d\Local Sites\template-with-categories\app\public\wp-content\themes\template\functions.php(95): render_question_field('{index}', '')
#1 C:\Users\pin-d\Local Sites\template-with-categories\app\public\wp-admin\includes\template.php(1445): render_question_metabox(Object(WP_Post), Array)
#2 C:\Users\pin-d\Local Sites\template-with-categories\app\public\wp-admin\edit-form-advanced.php(688): do_meta_boxes(Object(WP_Screen), 'normal', Object(WP_Post))
#3 C:\Users\pin-d\Local Sites\template-with-categories\app\public\wp-admin\post-new.php(75): require('C:\\Users\\pin-d\\...')
#4 {main}
  thrown in C:\Users\pin-d\Local Sites\template-with-categories\app\public\wp-content\themes\template\functions.php on line 121
[19-Jun-2023 09:03:59 UTC] PHP Fatal error:  Uncaught TypeError: Unsupported operand types: string + int in C:\Users\pin-d\Local Sites\template-with-categories\app\public\wp-content\themes\template\functions.php:121
Stack trace:
#0 C:\Users\pin-d\Local Sites\template-with-categories\app\public\wp-content\themes\template\functions.php(95): render_question_field('{index}', '')
#1 C:\Users\pin-d\Local Sites\template-with-categories\app\public\wp-admin\includes\template.php(1445): render_question_metabox(Object(WP_Post), Array)
#2 C:\Users\pin-d\Local Sites\template-with-categories\app\public\wp-admin\edit-form-advanced.php(688): do_meta_boxes(Object(WP_Screen), 'normal', Object(WP_Post))
#3 C:\Users\pin-d\Local Sites\template-with-categories\app\public\wp-admin\post-new.php(75): require('C:\\Users\\pin-d\\...')
#4 {main}
  thrown in C:\Users\pin-d\Local Sites\template-with-categories\app\public\wp-content\themes\template\functions.php on line 121
[19-Jun-2023 09:45:07 UTC] PHP Fatal error:  Uncaught TypeError: Unsupported operand types: string + int in C:\Users\pin-d\Local Sites\template-with-categories\app\public\wp-content\themes\template\functions.php:92
Stack trace:
#0 C:\Users\pin-d\Local Sites\template-with-categories\app\public\wp-content\themes\template\functions.php(78): render_question_field('{index}', '')
#1 C:\Users\pin-d\Local Sites\template-with-categories\app\public\wp-admin\includes\template.php(1445): renderQuestionMetabox(Object(WP_Post), Array)
#2 C:\Users\pin-d\Local Sites\template-with-categories\app\public\wp-admin\edit-form-advanced.php(688): do_meta_boxes(Object(WP_Screen), 'normal', Object(WP_Post))
#3 C:\Users\pin-d\Local Sites\template-with-categories\app\public\wp-admin\post-new.php(75): require('C:\\Users\\pin-d\\...')
#4 {main}
  thrown in C:\Users\pin-d\Local Sites\template-with-categories\app\public\wp-content\themes\template\functions.php on line 92
[19-Jun-2023 11:26:30 UTC] PHP Fatal error:  Uncaught ArgumentCountError: Too few arguments to function add_action(), 1 passed in C:\Users\pin-d\Local Sites\template-with-categories\app\public\wp-content\themes\template\functions.php on line 178 and at least 2 expected in C:\Users\pin-d\Local Sites\template-with-categories\app\public\wp-includes\plugin.php:441
Stack trace:
#0 C:\Users\pin-d\Local Sites\template-with-categories\app\public\wp-content\themes\template\functions.php(178): add_action('save_post_quest...')
#1 C:\Users\pin-d\Local Sites\template-with-categories\app\public\wp-settings.php(591): include('C:\\Users\\pin-d\\...')
#2 C:\Users\pin-d\Local Sites\template-with-categories\app\public\wp-config.php(102): require_once('C:\\Users\\pin-d\\...')
#3 C:\Users\pin-d\Local Sites\template-with-categories\app\public\wp-load.php(50): require_once('C:\\Users\\pin-d\\...')
#4 C:\Users\pin-d\Local Sites\template-with-categories\app\public\wp-admin\admin-ajax.php(22): require_once('C:\\Users\\pin-d\\...')
#5 {main}
  thrown in C:\Users\pin-d\Local Sites\template-with-categories\app\public\wp-includes\plugin.php on line 441
[19-Jun-2023 11:28:31 UTC] PHP Fatal error:  Uncaught ArgumentCountError: Too few arguments to function add_action(), 1 passed in C:\Users\pin-d\Local Sites\template-with-categories\app\public\wp-content\themes\template\functions.php on line 178 and at least 2 expected in C:\Users\pin-d\Local Sites\template-with-categories\app\public\wp-includes\plugin.php:441
Stack trace:
#0 C:\Users\pin-d\Local Sites\template-with-categories\app\public\wp-content\themes\template\functions.php(178): add_action('save_post_quest...')
#1 C:\Users\pin-d\Local Sites\template-with-categories\app\public\wp-settings.php(591): include('C:\\Users\\pin-d\\...')
#2 C:\Users\pin-d\Local Sites\template-with-categories\app\public\wp-config.php(102): require_once('C:\\Users\\pin-d\\...')
#3 C:\Users\pin-d\Local Sites\template-with-categories\app\public\wp-load.php(50): require_once('C:\\Users\\pin-d\\...')
#4 C:\Users\pin-d\Local Sites\template-with-categories\app\public\wp-admin\admin-ajax.php(22): require_once('C:\\Users\\pin-d\\...')
#5 {main}
  thrown in C:\Users\pin-d\Local Sites\template-with-categories\app\public\wp-includes\plugin.php on line 441
[19-Jun-2023 11:30:32 UTC] PHP Fatal error:  Uncaught ArgumentCountError: Too few arguments to function add_action(), 1 passed in C:\Users\pin-d\Local Sites\template-with-categories\app\public\wp-content\themes\template\functions.php on line 178 and at least 2 expected in C:\Users\pin-d\Local Sites\template-with-categories\app\public\wp-includes\plugin.php:441
Stack trace:
#0 C:\Users\pin-d\Local Sites\template-with-categories\app\public\wp-content\themes\template\functions.php(178): add_action('save_post_quest...')
#1 C:\Users\pin-d\Local Sites\template-with-categories\app\public\wp-settings.php(591): include('C:\\Users\\pin-d\\...')
#2 C:\Users\pin-d\Local Sites\template-with-categories\app\public\wp-config.php(102): require_once('C:\\Users\\pin-d\\...')
#3 C:\Users\pin-d\Local Sites\template-with-categories\app\public\wp-load.php(50): require_once('C:\\Users\\pin-d\\...')
#4 C:\Users\pin-d\Local Sites\template-with-categories\app\public\wp-admin\admin-ajax.php(22): require_once('C:\\Users\\pin-d\\...')
#5 {main}
  thrown in C:\Users\pin-d\Local Sites\template-with-categories\app\public\wp-includes\plugin.php on line 441
[19-Jun-2023 11:32:33 UTC] PHP Fatal error:  Uncaught ArgumentCountError: Too few arguments to function add_action(), 1 passed in C:\Users\pin-d\Local Sites\template-with-categories\app\public\wp-content\themes\template\functions.php on line 178 and at least 2 expected in C:\Users\pin-d\Local Sites\template-with-categories\app\public\wp-includes\plugin.php:441
Stack trace:
#0 C:\Users\pin-d\Local Sites\template-with-categories\app\public\wp-content\themes\template\functions.php(178): add_action('save_post_quest...')
#1 C:\Users\pin-d\Local Sites\template-with-categories\app\public\wp-settings.php(591): include('C:\\Users\\pin-d\\...')
#2 C:\Users\pin-d\Local Sites\template-with-categories\app\public\wp-config.php(102): require_once('C:\\Users\\pin-d\\...')
#3 C:\Users\pin-d\Local Sites\template-with-categories\app\public\wp-load.php(50): require_once('C:\\Users\\pin-d\\...')
#4 C:\Users\pin-d\Local Sites\template-with-categories\app\public\wp-admin\admin-ajax.php(22): require_once('C:\\Users\\pin-d\\...')
#5 {main}
  thrown in C:\Users\pin-d\Local Sites\template-with-categories\app\public\wp-includes\plugin.php on line 441
[19-Jun-2023 11:34:40 UTC] PHP Fatal error:  Uncaught ArgumentCountError: Too few arguments to function add_action(), 1 passed in C:\Users\pin-d\Local Sites\template-with-categories\app\public\wp-content\themes\template\functions.php on line 178 and at least 2 expected in C:\Users\pin-d\Local Sites\template-with-categories\app\public\wp-includes\plugin.php:441
Stack trace:
#0 C:\Users\pin-d\Local Sites\template-with-categories\app\public\wp-content\themes\template\functions.php(178): add_action('save_post_quest...')
#1 C:\Users\pin-d\Local Sites\template-with-categories\app\public\wp-settings.php(591): include('C:\\Users\\pin-d\\...')
#2 C:\Users\pin-d\Local Sites\template-with-categories\app\public\wp-config.php(102): require_once('C:\\Users\\pin-d\\...')
#3 C:\Users\pin-d\Local Sites\template-with-categories\app\public\wp-load.php(50): require_once('C:\\Users\\pin-d\\...')
#4 C:\Users\pin-d\Local Sites\template-with-categories\app\public\wp-admin\admin-ajax.php(22): require_once('C:\\Users\\pin-d\\...')
#5 {main}
  thrown in C:\Users\pin-d\Local Sites\template-with-categories\app\public\wp-includes\plugin.php on line 441
[19-Jun-2023 11:35:40 UTC] PHP Fatal error:  Uncaught ArgumentCountError: Too few arguments to function add_action(), 1 passed in C:\Users\pin-d\Local Sites\template-with-categories\app\public\wp-content\themes\template\functions.php on line 178 and at least 2 expected in C:\Users\pin-d\Local Sites\template-with-categories\app\public\wp-includes\plugin.php:441
Stack trace:
#0 C:\Users\pin-d\Local Sites\template-with-categories\app\public\wp-content\themes\template\functions.php(178): add_action('save_post_quest...')
#1 C:\Users\pin-d\Local Sites\template-with-categories\app\public\wp-settings.php(591): include('C:\\Users\\pin-d\\...')
#2 C:\Users\pin-d\Local Sites\template-with-categories\app\public\wp-config.php(102): require_once('C:\\Users\\pin-d\\...')
#3 C:\Users\pin-d\Local Sites\template-with-categories\app\public\wp-load.php(50): require_once('C:\\Users\\pin-d\\...')
#4 C:\Users\pin-d\Local Sites\template-with-categories\app\public\wp-admin\admin-ajax.php(22): require_once('C:\\Users\\pin-d\\...')
#5 {main}
  thrown in C:\Users\pin-d\Local Sites\template-with-categories\app\public\wp-includes\plugin.php on line 441
[19-Jun-2023 11:36:40 UTC] PHP Fatal error:  Uncaught ArgumentCountError: Too few arguments to function add_action(), 1 passed in C:\Users\pin-d\Local Sites\template-with-categories\app\public\wp-content\themes\template\functions.php on line 178 and at least 2 expected in C:\Users\pin-d\Local Sites\template-with-categories\app\public\wp-includes\plugin.php:441
Stack trace:
#0 C:\Users\pin-d\Local Sites\template-with-categories\app\public\wp-content\themes\template\functions.php(178): add_action('save_post_quest...')
#1 C:\Users\pin-d\Local Sites\template-with-categories\app\public\wp-settings.php(591): include('C:\\Users\\pin-d\\...')
#2 C:\Users\pin-d\Local Sites\template-with-categories\app\public\wp-config.php(102): require_once('C:\\Users\\pin-d\\...')
#3 C:\Users\pin-d\Local Sites\template-with-categories\app\public\wp-load.php(50): require_once('C:\\Users\\pin-d\\...')
#4 C:\Users\pin-d\Local Sites\template-with-categories\app\public\wp-admin\admin-ajax.php(22): require_once('C:\\Users\\pin-d\\...')
#5 {main}
  thrown in C:\Users\pin-d\Local Sites\template-with-categories\app\public\wp-includes\plugin.php on line 441
[19-Jun-2023 11:37:41 UTC] PHP Fatal error:  Uncaught ArgumentCountError: Too few arguments to function add_action(), 1 passed in C:\Users\pin-d\Local Sites\template-with-categories\app\public\wp-content\themes\template\functions.php on line 178 and at least 2 expected in C:\Users\pin-d\Local Sites\template-with-categories\app\public\wp-includes\plugin.php:441
Stack trace:
#0 C:\Users\pin-d\Local Sites\template-with-categories\app\public\wp-content\themes\template\functions.php(178): add_action('save_post_quest...')
#1 C:\Users\pin-d\Local Sites\template-with-categories\app\public\wp-settings.php(591): include('C:\\Users\\pin-d\\...')
#2 C:\Users\pin-d\Local Sites\template-with-categories\app\public\wp-config.php(102): require_once('C:\\Users\\pin-d\\...')
#3 C:\Users\pin-d\Local Sites\template-with-categories\app\public\wp-load.php(50): require_once('C:\\Users\\pin-d\\...')
#4 C:\Users\pin-d\Local Sites\template-with-categories\app\public\wp-admin\admin-ajax.php(22): require_once('C:\\Users\\pin-d\\...')
#5 {main}
  thrown in C:\Users\pin-d\Local Sites\template-with-categories\app\public\wp-includes\plugin.php on line 441
[19-Jun-2023 11:39:42 UTC] PHP Fatal error:  Uncaught ArgumentCountError: Too few arguments to function add_action(), 1 passed in C:\Users\pin-d\Local Sites\template-with-categories\app\public\wp-content\themes\template\functions.php on line 178 and at least 2 expected in C:\Users\pin-d\Local Sites\template-with-categories\app\public\wp-includes\plugin.php:441
Stack trace:
#0 C:\Users\pin-d\Local Sites\template-with-categories\app\public\wp-content\themes\template\functions.php(178): add_action('save_post_quest...')
#1 C:\Users\pin-d\Local Sites\template-with-categories\app\public\wp-settings.php(591): include('C:\\Users\\pin-d\\...')
#2 C:\Users\pin-d\Local Sites\template-with-categories\app\public\wp-config.php(102): require_once('C:\\Users\\pin-d\\...')
#3 C:\Users\pin-d\Local Sites\template-with-categories\app\public\wp-load.php(50): require_once('C:\\Users\\pin-d\\...')
#4 C:\Users\pin-d\Local Sites\template-with-categories\app\public\wp-admin\admin-ajax.php(22): require_once('C:\\Users\\pin-d\\...')
#5 {main}
  thrown in C:\Users\pin-d\Local Sites\template-with-categories\app\public\wp-includes\plugin.php on line 441
[19-Jun-2023 11:41:43 UTC] PHP Fatal error:  Uncaught ArgumentCountError: Too few arguments to function add_action(), 1 passed in C:\Users\pin-d\Local Sites\template-with-categories\app\public\wp-content\themes\template\functions.php on line 178 and at least 2 expected in C:\Users\pin-d\Local Sites\template-with-categories\app\public\wp-includes\plugin.php:441
Stack trace:
#0 C:\Users\pin-d\Local Sites\template-with-categories\app\public\wp-content\themes\template\functions.php(178): add_action('save_post_quest...')
#1 C:\Users\pin-d\Local Sites\template-with-categories\app\public\wp-settings.php(591): include('C:\\Users\\pin-d\\...')
#2 C:\Users\pin-d\Local Sites\template-with-categories\app\public\wp-config.php(102): require_once('C:\\Users\\pin-d\\...')
#3 C:\Users\pin-d\Local Sites\template-with-categories\app\public\wp-load.php(50): require_once('C:\\Users\\pin-d\\...')
#4 C:\Users\pin-d\Local Sites\template-with-categories\app\public\wp-admin\admin-ajax.php(22): require_once('C:\\Users\\pin-d\\...')
#5 {main}
  thrown in C:\Users\pin-d\Local Sites\template-with-categories\app\public\wp-includes\plugin.php on line 441
[19-Jun-2023 11:43:44 UTC] PHP Fatal error:  Uncaught ArgumentCountError: Too few arguments to function add_action(), 1 passed in C:\Users\pin-d\Local Sites\template-with-categories\app\public\wp-content\themes\template\functions.php on line 178 and at least 2 expected in C:\Users\pin-d\Local Sites\template-with-categories\app\public\wp-includes\plugin.php:441
Stack trace:
#0 C:\Users\pin-d\Local Sites\template-with-categories\app\public\wp-content\themes\template\functions.php(178): add_action('save_post_quest...')
#1 C:\Users\pin-d\Local Sites\template-with-categories\app\public\wp-settings.php(591): include('C:\\Users\\pin-d\\...')
#2 C:\Users\pin-d\Local Sites\template-with-categories\app\public\wp-config.php(102): require_once('C:\\Users\\pin-d\\...')
#3 C:\Users\pin-d\Local Sites\template-with-categories\app\public\wp-load.php(50): require_once('C:\\Users\\pin-d\\...')
#4 C:\Users\pin-d\Local Sites\template-with-categories\app\public\wp-admin\admin-ajax.php(22): require_once('C:\\Users\\pin-d\\...')
#5 {main}
  thrown in C:\Users\pin-d\Local Sites\template-with-categories\app\public\wp-includes\plugin.php on line 441
[19-Jun-2023 11:45:45 UTC] PHP Fatal error:  Uncaught ArgumentCountError: Too few arguments to function add_action(), 1 passed in C:\Users\pin-d\Local Sites\template-with-categories\app\public\wp-content\themes\template\functions.php on line 178 and at least 2 expected in C:\Users\pin-d\Local Sites\template-with-categories\app\public\wp-includes\plugin.php:441
Stack trace:
#0 C:\Users\pin-d\Local Sites\template-with-categories\app\public\wp-content\themes\template\functions.php(178): add_action('save_post_quest...')
#1 C:\Users\pin-d\Local Sites\template-with-categories\app\public\wp-settings.php(591): include('C:\\Users\\pin-d\\...')
#2 C:\Users\pin-d\Local Sites\template-with-categories\app\public\wp-config.php(102): require_once('C:\\Users\\pin-d\\...')
#3 C:\Users\pin-d\Local Sites\template-with-categories\app\public\wp-load.php(50): require_once('C:\\Users\\pin-d\\...')
#4 C:\Users\pin-d\Local Sites\template-with-categories\app\public\wp-admin\admin-ajax.php(22): require_once('C:\\Users\\pin-d\\...')
#5 {main}
  thrown in C:\Users\pin-d\Local Sites\template-with-categories\app\public\wp-includes\plugin.php on line 441
[19-Jun-2023 12:24:30 UTC] PHP Fatal error:  Uncaught ArgumentCountError: Too few arguments to function add_action(), 1 passed in C:\Users\pin-d\Local Sites\template-with-categories\app\public\wp-content\themes\template\functions.php on line 178 and at least 2 expected in C:\Users\pin-d\Local Sites\template-with-categories\app\public\wp-includes\plugin.php:441
Stack trace:
#0 C:\Users\pin-d\Local Sites\template-with-categories\app\public\wp-content\themes\template\functions.php(178): add_action('save_post_quest...')
#1 C:\Users\pin-d\Local Sites\template-with-categories\app\public\wp-settings.php(591): include('C:\\Users\\pin-d\\...')
#2 C:\Users\pin-d\Local Sites\template-with-categories\app\public\wp-config.php(102): require_once('C:\\Users\\pin-d\\...')
#3 C:\Users\pin-d\Local Sites\template-with-categories\app\public\wp-load.php(50): require_once('C:\\Users\\pin-d\\...')
#4 C:\Users\pin-d\Local Sites\template-with-categories\app\public\wp-admin\admin-ajax.php(22): require_once('C:\\Users\\pin-d\\...')
#5 {main}
  thrown in C:\Users\pin-d\Local Sites\template-with-categories\app\public\wp-includes\plugin.php on line 441
[19-Jun-2023 12:25:30 UTC] PHP Fatal error:  Uncaught ArgumentCountError: Too few arguments to function add_action(), 1 passed in C:\Users\pin-d\Local Sites\template-with-categories\app\public\wp-content\themes\template\functions.php on line 178 and at least 2 expected in C:\Users\pin-d\Local Sites\template-with-categories\app\public\wp-includes\plugin.php:441
Stack trace:
#0 C:\Users\pin-d\Local Sites\template-with-categories\app\public\wp-content\themes\template\functions.php(178): add_action('save_post_quest...')
#1 C:\Users\pin-d\Local Sites\template-with-categories\app\public\wp-settings.php(591): include('C:\\Users\\pin-d\\...')
#2 C:\Users\pin-d\Local Sites\template-with-categories\app\public\wp-config.php(102): require_once('C:\\Users\\pin-d\\...')
#3 C:\Users\pin-d\Local Sites\template-with-categories\app\public\wp-load.php(50): require_once('C:\\Users\\pin-d\\...')
#4 C:\Users\pin-d\Local Sites\template-with-categories\app\public\wp-admin\admin-ajax.php(22): require_once('C:\\Users\\pin-d\\...')
#5 {main}
  thrown in C:\Users\pin-d\Local Sites\template-with-categories\app\public\wp-includes\plugin.php on line 441
[19-Jun-2023 12:27:30 UTC] PHP Fatal error:  Uncaught ArgumentCountError: Too few arguments to function add_action(), 1 passed in C:\Users\pin-d\Local Sites\template-with-categories\app\public\wp-content\themes\template\functions.php on line 178 and at least 2 expected in C:\Users\pin-d\Local Sites\template-with-categories\app\public\wp-includes\plugin.php:441
Stack trace:
#0 C:\Users\pin-d\Local Sites\template-with-categories\app\public\wp-content\themes\template\functions.php(178): add_action('save_post_quest...')
#1 C:\Users\pin-d\Local Sites\template-with-categories\app\public\wp-settings.php(591): include('C:\\Users\\pin-d\\...')
#2 C:\Users\pin-d\Local Sites\template-with-categories\app\public\wp-config.php(102): require_once('C:\\Users\\pin-d\\...')
#3 C:\Users\pin-d\Local Sites\template-with-categories\app\public\wp-load.php(50): require_once('C:\\Users\\pin-d\\...')
#4 C:\Users\pin-d\Local Sites\template-with-categories\app\public\wp-admin\admin-ajax.php(22): require_once('C:\\Users\\pin-d\\...')
#5 {main}
  thrown in C:\Users\pin-d\Local Sites\template-with-categories\app\public\wp-includes\plugin.php on line 441
[19-Jun-2023 12:28:30 UTC] PHP Fatal error:  Uncaught ArgumentCountError: Too few arguments to function add_action(), 1 passed in C:\Users\pin-d\Local Sites\template-with-categories\app\public\wp-content\themes\template\functions.php on line 178 and at least 2 expected in C:\Users\pin-d\Local Sites\template-with-categories\app\public\wp-includes\plugin.php:441
Stack trace:
#0 C:\Users\pin-d\Local Sites\template-with-categories\app\public\wp-content\themes\template\functions.php(178): add_action('save_post_quest...')
#1 C:\Users\pin-d\Local Sites\template-with-categories\app\public\wp-settings.php(591): include('C:\\Users\\pin-d\\...')
#2 C:\Users\pin-d\Local Sites\template-with-categories\app\public\wp-config.php(102): require_once('C:\\Users\\pin-d\\...')
#3 C:\Users\pin-d\Local Sites\template-with-categories\app\public\wp-load.php(50): require_once('C:\\Users\\pin-d\\...')
#4 C:\Users\pin-d\Local Sites\template-with-categories\app\public\wp-admin\admin-ajax.php(22): require_once('C:\\Users\\pin-d\\...')
#5 {main}
  thrown in C:\Users\pin-d\Local Sites\template-with-categories\app\public\wp-includes\plugin.php on line 441
[19-Jun-2023 12:29:30 UTC] PHP Fatal error:  Uncaught ArgumentCountError: Too few arguments to function add_action(), 1 passed in C:\Users\pin-d\Local Sites\template-with-categories\app\public\wp-content\themes\template\functions.php on line 178 and at least 2 expected in C:\Users\pin-d\Local Sites\template-with-categories\app\public\wp-includes\plugin.php:441
Stack trace:
#0 C:\Users\pin-d\Local Sites\template-with-categories\app\public\wp-content\themes\template\functions.php(178): add_action('save_post_quest...')
#1 C:\Users\pin-d\Local Sites\template-with-categories\app\public\wp-settings.php(591): include('C:\\Users\\pin-d\\...')
#2 C:\Users\pin-d\Local Sites\template-with-categories\app\public\wp-config.php(102): require_once('C:\\Users\\pin-d\\...')
#3 C:\Users\pin-d\Local Sites\template-with-categories\app\public\wp-load.php(50): require_once('C:\\Users\\pin-d\\...')
#4 C:\Users\pin-d\Local Sites\template-with-categories\app\public\wp-admin\admin-ajax.php(22): require_once('C:\\Users\\pin-d\\...')
#5 {main}
  thrown in C:\Users\pin-d\Local Sites\template-with-categories\app\public\wp-includes\plugin.php on line 441
[19-Jun-2023 12:29:54 UTC] PHP Fatal error:  Uncaught ArgumentCountError: Too few arguments to function add_action(), 1 passed in C:\Users\pin-d\Local Sites\template-with-categories\app\public\wp-content\themes\template\functions.php on line 178 and at least 2 expected in C:\Users\pin-d\Local Sites\template-with-categories\app\public\wp-includes\plugin.php:441
Stack trace:
#0 C:\Users\pin-d\Local Sites\template-with-categories\app\public\wp-content\themes\template\functions.php(178): add_action('save_post_quest...')
#1 C:\Users\pin-d\Local Sites\template-with-categories\app\public\wp-settings.php(591): include('C:\\Users\\pin-d\\...')
#2 C:\Users\pin-d\Local Sites\template-with-categories\app\public\wp-config.php(102): require_once('C:\\Users\\pin-d\\...')
#3 C:\Users\pin-d\Local Sites\template-with-categories\app\public\wp-load.php(50): require_once('C:\\Users\\pin-d\\...')
#4 C:\Users\pin-d\Local Sites\template-with-categories\app\public\wp-admin\admin-ajax.php(22): require_once('C:\\Users\\pin-d\\...')
#5 {main}
  thrown in C:\Users\pin-d\Local Sites\template-with-categories\app\public\wp-includes\plugin.php on line 441
[19-Jun-2023 12:30:31 UTC] PHP Fatal error:  Uncaught ArgumentCountError: Too few arguments to function add_action(), 1 passed in C:\Users\pin-d\Local Sites\template-with-categories\app\public\wp-content\themes\template\functions.php on line 178 and at least 2 expected in C:\Users\pin-d\Local Sites\template-with-categories\app\public\wp-includes\plugin.php:441
Stack trace:
#0 C:\Users\pin-d\Local Sites\template-with-categories\app\public\wp-content\themes\template\functions.php(178): add_action('save_post_quest...')
#1 C:\Users\pin-d\Local Sites\template-with-categories\app\public\wp-settings.php(591): include('C:\\Users\\pin-d\\...')
#2 C:\Users\pin-d\Local Sites\template-with-categories\app\public\wp-config.php(102): require_once('C:\\Users\\pin-d\\...')
#3 C:\Users\pin-d\Local Sites\template-with-categories\app\public\wp-load.php(50): require_once('C:\\Users\\pin-d\\...')
#4 C:\Users\pin-d\Local Sites\template-with-categories\app\public\wp-admin\admin-ajax.php(22): require_once('C:\\Users\\pin-d\\...')
#5 {main}
  thrown in C:\Users\pin-d\Local Sites\template-with-categories\app\public\wp-includes\plugin.php on line 441
[19-Jun-2023 12:32:32 UTC] PHP Fatal error:  Uncaught ArgumentCountError: Too few arguments to function add_action(), 1 passed in C:\Users\pin-d\Local Sites\template-with-categories\app\public\wp-content\themes\template\functions.php on line 178 and at least 2 expected in C:\Users\pin-d\Local Sites\template-with-categories\app\public\wp-includes\plugin.php:441
Stack trace:
#0 C:\Users\pin-d\Local Sites\template-with-categories\app\public\wp-content\themes\template\functions.php(178): add_action('save_post_quest...')
#1 C:\Users\pin-d\Local Sites\template-with-categories\app\public\wp-settings.php(591): include('C:\\Users\\pin-d\\...')
#2 C:\Users\pin-d\Local Sites\template-with-categories\app\public\wp-config.php(102): require_once('C:\\Users\\pin-d\\...')
#3 C:\Users\pin-d\Local Sites\template-with-categories\app\public\wp-load.php(50): require_once('C:\\Users\\pin-d\\...')
#4 C:\Users\pin-d\Local Sites\template-with-categories\app\public\wp-admin\admin-ajax.php(22): require_once('C:\\Users\\pin-d\\...')
#5 {main}
  thrown in C:\Users\pin-d\Local Sites\template-with-categories\app\public\wp-includes\plugin.php on line 441
[19-Jun-2023 12:34:33 UTC] PHP Fatal error:  Uncaught ArgumentCountError: Too few arguments to function add_action(), 1 passed in C:\Users\pin-d\Local Sites\template-with-categories\app\public\wp-content\themes\template\functions.php on line 178 and at least 2 expected in C:\Users\pin-d\Local Sites\template-with-categories\app\public\wp-includes\plugin.php:441
Stack trace:
#0 C:\Users\pin-d\Local Sites\template-with-categories\app\public\wp-content\themes\template\functions.php(178): add_action('save_post_quest...')
#1 C:\Users\pin-d\Local Sites\template-with-categories\app\public\wp-settings.php(591): include('C:\\Users\\pin-d\\...')
#2 C:\Users\pin-d\Local Sites\template-with-categories\app\public\wp-config.php(102): require_once('C:\\Users\\pin-d\\...')
#3 C:\Users\pin-d\Local Sites\template-with-categories\app\public\wp-load.php(50): require_once('C:\\Users\\pin-d\\...')
#4 C:\Users\pin-d\Local Sites\template-with-categories\app\public\wp-admin\admin-ajax.php(22): require_once('C:\\Users\\pin-d\\...')
#5 {main}
  thrown in C:\Users\pin-d\Local Sites\template-with-categories\app\public\wp-includes\plugin.php on line 441
[19-Jun-2023 12:36:34 UTC] PHP Fatal error:  Uncaught ArgumentCountError: Too few arguments to function add_action(), 1 passed in C:\Users\pin-d\Local Sites\template-with-categories\app\public\wp-content\themes\template\functions.php on line 178 and at least 2 expected in C:\Users\pin-d\Local Sites\template-with-categories\app\public\wp-includes\plugin.php:441
Stack trace:
#0 C:\Users\pin-d\Local Sites\template-with-categories\app\public\wp-content\themes\template\functions.php(178): add_action('save_post_quest...')
#1 C:\Users\pin-d\Local Sites\template-with-categories\app\public\wp-settings.php(591): include('C:\\Users\\pin-d\\...')
#2 C:\Users\pin-d\Local Sites\template-with-categories\app\public\wp-config.php(102): require_once('C:\\Users\\pin-d\\...')
#3 C:\Users\pin-d\Local Sites\template-with-categories\app\public\wp-load.php(50): require_once('C:\\Users\\pin-d\\...')
#4 C:\Users\pin-d\Local Sites\template-with-categories\app\public\wp-admin\admin-ajax.php(22): require_once('C:\\Users\\pin-d\\...')
#5 {main}
  thrown in C:\Users\pin-d\Local Sites\template-with-categories\app\public\wp-includes\plugin.php on line 441
[19-Jun-2023 12:38:35 UTC] PHP Fatal error:  Uncaught ArgumentCountError: Too few arguments to function add_action(), 1 passed in C:\Users\pin-d\Local Sites\template-with-categories\app\public\wp-content\themes\template\functions.php on line 178 and at least 2 expected in C:\Users\pin-d\Local Sites\template-with-categories\app\public\wp-includes\plugin.php:441
Stack trace:
#0 C:\Users\pin-d\Local Sites\template-with-categories\app\public\wp-content\themes\template\functions.php(178): add_action('save_post_quest...')
#1 C:\Users\pin-d\Local Sites\template-with-categories\app\public\wp-settings.php(591): include('C:\\Users\\pin-d\\...')
#2 C:\Users\pin-d\Local Sites\template-with-categories\app\public\wp-config.php(102): require_once('C:\\Users\\pin-d\\...')
#3 C:\Users\pin-d\Local Sites\template-with-categories\app\public\wp-load.php(50): require_once('C:\\Users\\pin-d\\...')
#4 C:\Users\pin-d\Local Sites\template-with-categories\app\public\wp-admin\admin-ajax.php(22): require_once('C:\\Users\\pin-d\\...')
#5 {main}
  thrown in C:\Users\pin-d\Local Sites\template-with-categories\app\public\wp-includes\plugin.php on line 441
[19-Jun-2023 13:16:42 UTC] PHP Warning:  Undefined array key "questions" in C:\Users\pin-d\Local Sites\template-with-categories\app\public\wp-content\themes\template\functions.php on line 191
[19-Jun-2023 13:16:55 UTC] PHP Warning:  Undefined array key "questions" in C:\Users\pin-d\Local Sites\template-with-categories\app\public\wp-content\themes\template\functions.php on line 191
[19-Jun-2023 13:27:52 UTC] PHP Warning:  Undefined array key 0 in C:\Users\pin-d\Local Sites\template-with-categories\app\public\wp-content\themes\template\functions.php on line 77
[19-Jun-2023 13:27:52 UTC] PHP Warning:  Trying to access array offset on value of type null in C:\Users\pin-d\Local Sites\template-with-categories\app\public\wp-content\themes\template\functions.php on line 77
[19-Jun-2023 13:27:54 UTC] PHP Warning:  Undefined array key 0 in C:\Users\pin-d\Local Sites\template-with-categories\app\public\wp-content\themes\template\functions.php on line 77
[19-Jun-2023 13:27:54 UTC] PHP Warning:  Trying to access array offset on value of type null in C:\Users\pin-d\Local Sites\template-with-categories\app\public\wp-content\themes\template\functions.php on line 77
[27-Jun-2023 12:02:22 UTC] Cron unschedule event error for hook: do_pings, Error code: could_not_set, Error message: The cron event list could not be saved., Data: {"schedule":false,"args":[]}
[14-Oct-2023 13:01:15 UTC] PHP Warning:  Failed loading Zend extension 'php_opcache.dll' (tried: C:/Program Files (x86)/Local/resources/extraResources/lightning-services/php-8.1.9+8/bin/win64/ext\php_opcache.dll (Kan opgegeven module niet vinden), C:/Program Files (x86)/Local/resources/extraResources/lightning-services/php-8.1.9+8/bin/win64/ext\php_php_opcache.dll.dll (Kan opgegeven module niet vinden)) in Unknown on line 0
[14-Oct-2023 13:01:15 UTC] PHP Warning:  Failed loading Zend extension 'php_xdebug.dll' (tried: C:/Program Files (x86)/Local/resources/extraResources/lightning-services/php-8.1.9+8/bin/win64/ext\php_xdebug.dll (Kan opgegeven module niet vinden), C:/Program Files (x86)/Local/resources/extraResources/lightning-services/php-8.1.9+8/bin/win64/ext\php_php_xdebug.dll.dll (Kan opgegeven module niet vinden)) in Unknown on line 0
[14-Oct-2023 13:01:15 UTC] PHP Warning:  PHP Startup: Unable to load dynamic library 'php_curl.dll' (tried: C:/Program Files (x86)/Local/resources/extraResources/lightning-services/php-8.1.9+8/bin/win64/ext\php_curl.dll (Kan opgegeven module niet vinden), C:/Program Files (x86)/Local/resources/extraResources/lightning-services/php-8.1.9+8/bin/win64/ext\php_php_curl.dll.dll (Kan opgegeven module niet vinden)) in Unknown on line 0
[14-Oct-2023 13:01:15 UTC] PHP Warning:  PHP Startup: Unable to load dynamic library 'php_gettext.dll' (tried: C:/Program Files (x86)/Local/resources/extraResources/lightning-services/php-8.1.9+8/bin/win64/ext\php_gettext.dll (Kan opgegeven module niet vinden), C:/Program Files (x86)/Local/resources/extraResources/lightning-services/php-8.1.9+8/bin/win64/ext\php_php_gettext.dll.dll (Kan opgegeven module niet vinden)) in Unknown on line 0
[14-Oct-2023 13:01:15 UTC] PHP Warning:  PHP Startup: Unable to load dynamic library 'php_openssl.dll' (tried: C:/Program Files (x86)/Local/resources/extraResources/lightning-services/php-8.1.9+8/bin/win64/ext\php_openssl.dll (Kan opgegeven module niet vinden), C:/Program Files (x86)/Local/resources/extraResources/lightning-services/php-8.1.9+8/bin/win64/ext\php_php_openssl.dll.dll (Kan opgegeven module niet vinden)) in Unknown on line 0
[14-Oct-2023 13:01:15 UTC] PHP Warning:  PHP Startup: Unable to load dynamic library 'php_exif.dll' (tried: C:/Program Files (x86)/Local/resources/extraResources/lightning-services/php-8.1.9+8/bin/win64/ext\php_exif.dll (Kan opgegeven module niet vinden), C:/Program Files (x86)/Local/resources/extraResources/lightning-services/php-8.1.9+8/bin/win64/ext\php_php_exif.dll.dll (Kan opgegeven module niet vinden)) in Unknown on line 0
[14-Oct-2023 13:01:15 UTC] PHP Warning:  PHP Startup: Unable to load dynamic library 'php_gd.dll' (tried: C:/Program Files (x86)/Local/resources/extraResources/lightning-services/php-8.1.9+8/bin/win64/ext\php_gd.dll (Kan opgegeven module niet vinden), C:/Program Files (x86)/Local/resources/extraResources/lightning-services/php-8.1.9+8/bin/win64/ext\php_php_gd.dll.dll (Kan opgegeven module niet vinden)) in Unknown on line 0
[14-Oct-2023 13:01:15 UTC] PHP Warning:  PHP Startup: Unable to load dynamic library 'php_ftp.dll' (tried: C:/Program Files (x86)/Local/resources/extraResources/lightning-services/php-8.1.9+8/bin/win64/ext\php_ftp.dll (Kan opgegeven module niet vinden), C:/Program Files (x86)/Local/resources/extraResources/lightning-services/php-8.1.9+8/bin/win64/ext\php_php_ftp.dll.dll (Kan opgegeven module niet vinden)) in Unknown on line 0
[14-Oct-2023 13:01:15 UTC] PHP Warning:  PHP Startup: Unable to load dynamic library 'php_imap.dll' (tried: C:/Program Files (x86)/Local/resources/extraResources/lightning-services/php-8.1.9+8/bin/win64/ext\php_imap.dll (Kan opgegeven module niet vinden), C:/Program Files (x86)/Local/resources/extraResources/lightning-services/php-8.1.9+8/bin/win64/ext\php_php_imap.dll.dll (Kan opgegeven module niet vinden)) in Unknown on line 0
[14-Oct-2023 13:01:15 UTC] PHP Warning:  PHP Startup: Unable to load dynamic library 'php_bz2.dll' (tried: C:/Program Files (x86)/Local/resources/extraResources/lightning-services/php-8.1.9+8/bin/win64/ext\php_bz2.dll (Kan opgegeven module niet vinden), C:/Program Files (x86)/Local/resources/extraResources/lightning-services/php-8.1.9+8/bin/win64/ext\php_php_bz2.dll.dll (Kan opgegeven module niet vinden)) in Unknown on line 0
[14-Oct-2023 13:01:15 UTC] PHP Warning:  PHP Startup: Unable to load dynamic library 'php_mbstring.dll' (tried: C:/Program Files (x86)/Local/resources/extraResources/lightning-services/php-8.1.9+8/bin/win64/ext\php_mbstring.dll (Kan opgegeven module niet vinden), C:/Program Files (x86)/Local/resources/extraResources/lightning-services/php-8.1.9+8/bin/win64/ext\php_php_mbstring.dll.dll (Kan opgegeven module niet vinden)) in Unknown on line 0
[14-Oct-2023 13:01:15 UTC] PHP Warning:  PHP Startup: Unable to load dynamic library 'php_sodium.dll' (tried: C:/Program Files (x86)/Local/resources/extraResources/lightning-services/php-8.1.9+8/bin/win64/ext\php_sodium.dll (Kan opgegeven module niet vinden), C:/Program Files (x86)/Local/resources/extraResources/lightning-services/php-8.1.9+8/bin/win64/ext\php_php_sodium.dll.dll (Kan opgegeven module niet vinden)) in Unknown on line 0
[14-Oct-2023 13:01:15 UTC] PHP Warning:  PHP Startup: Unable to load dynamic library 'php_tidy.dll' (tried: C:/Program Files (x86)/Local/resources/extraResources/lightning-services/php-8.1.9+8/bin/win64/ext\php_tidy.dll (Kan opgegeven module niet vinden), C:/Program Files (x86)/Local/resources/extraResources/lightning-services/php-8.1.9+8/bin/win64/ext\php_php_tidy.dll.dll (Kan opgegeven module niet vinden)) in Unknown on line 0
[14-Oct-2023 13:01:15 UTC] PHP Warning:  PHP Startup: Unable to load dynamic library 'php_xsl.dll' (tried: C:/Program Files (x86)/Local/resources/extraResources/lightning-services/php-8.1.9+8/bin/win64/ext\php_xsl.dll (Kan opgegeven module niet vinden), C:/Program Files (x86)/Local/resources/extraResources/lightning-services/php-8.1.9+8/bin/win64/ext\php_php_xsl.dll.dll (Kan opgegeven module niet vinden)) in Unknown on line 0
[14-Oct-2023 13:01:15 UTC] PHP Warning:  PHP Startup: Unable to load dynamic library 'php_soap.dll' (tried: C:/Program Files (x86)/Local/resources/extraResources/lightning-services/php-8.1.9+8/bin/win64/ext\php_soap.dll (Kan opgegeven module niet vinden), C:/Program Files (x86)/Local/resources/extraResources/lightning-services/php-8.1.9+8/bin/win64/ext\php_php_soap.dll.dll (Kan opgegeven module niet vinden)) in Unknown on line 0
[14-Oct-2023 13:01:15 UTC] PHP Warning:  PHP Startup: Unable to load dynamic library 'php_mysqli.dll' (tried: C:/Program Files (x86)/Local/resources/extraResources/lightning-services/php-8.1.9+8/bin/win64/ext\php_mysqli.dll (Kan opgegeven module niet vinden), C:/Program Files (x86)/Local/resources/extraResources/lightning-services/php-8.1.9+8/bin/win64/ext\php_php_mysqli.dll.dll (Kan opgegeven module niet vinden)) in Unknown on line 0
[14-Oct-2023 13:01:15 UTC] PHP Warning:  PHP Startup: Unable to load dynamic library 'php_pdo_mysql.dll' (tried: C:/Program Files (x86)/Local/resources/extraResources/lightning-services/php-8.1.9+8/bin/win64/ext\php_pdo_mysql.dll (Kan opgegeven module niet vinden), C:/Program Files (x86)/Local/resources/extraResources/lightning-services/php-8.1.9+8/bin/win64/ext\php_php_pdo_mysql.dll.dll (Kan opgegeven module niet vinden)) in Unknown on line 0
[14-Oct-2023 13:01:15 UTC] PHP Warning:  PHP Startup: Unable to load dynamic library 'php_fileinfo.dll' (tried: C:/Program Files (x86)/Local/resources/extraResources/lightning-services/php-8.1.9+8/bin/win64/ext\php_fileinfo.dll (Kan opgegeven module niet vinden), C:/Program Files (x86)/Local/resources/extraResources/lightning-services/php-8.1.9+8/bin/win64/ext\php_php_fileinfo.dll.dll (Kan opgegeven module niet vinden)) in Unknown on line 0
[14-Oct-2023 13:01:15 UTC] PHP Warning:  PHP Startup: Unable to load dynamic library 'php_intl.dll' (tried: C:/Program Files (x86)/Local/resources/extraResources/lightning-services/php-8.1.9+8/bin/win64/ext\php_intl.dll (Kan opgegeven module niet vinden), C:/Program Files (x86)/Local/resources/extraResources/lightning-services/php-8.1.9+8/bin/win64/ext\php_php_intl.dll.dll (Kan opgegeven module niet vinden)) in Unknown on line 0
[14-Oct-2023 13:01:15 UTC] PHP Warning:  Failed loading Zend extension 'php_opcache.dll' (tried: C:/Program Files (x86)/Local/resources/extraResources/lightning-services/php-8.1.9+8/bin/win64/ext\php_opcache.dll (Kan opgegeven module niet vinden), C:/Program Files (x86)/Local/resources/extraResources/lightning-services/php-8.1.9+8/bin/win64/ext\php_php_opcache.dll.dll (Kan opgegeven module niet vinden)) in Unknown on line 0
[14-Oct-2023 13:01:15 UTC] PHP Warning:  Failed loading Zend extension 'php_xdebug.dll' (tried: C:/Program Files (x86)/Local/resources/extraResources/lightning-services/php-8.1.9+8/bin/win64/ext\php_xdebug.dll (Kan opgegeven module niet vinden), C:/Program Files (x86)/Local/resources/extraResources/lightning-services/php-8.1.9+8/bin/win64/ext\php_php_xdebug.dll.dll (Kan opgegeven module niet vinden)) in Unknown on line 0
[14-Oct-2023 13:01:15 UTC] PHP Warning:  PHP Startup: Unable to load dynamic library 'php_curl.dll' (tried: C:/Program Files (x86)/Local/resources/extraResources/lightning-services/php-8.1.9+8/bin/win64/ext\php_curl.dll (Kan opgegeven module niet vinden), C:/Program Files (x86)/Local/resources/extraResources/lightning-services/php-8.1.9+8/bin/win64/ext\php_php_curl.dll.dll (Kan opgegeven module niet vinden)) in Unknown on line 0
[14-Oct-2023 13:01:15 UTC] PHP Warning:  PHP Startup: Unable to load dynamic library 'php_gettext.dll' (tried: C:/Program Files (x86)/Local/resources/extraResources/lightning-services/php-8.1.9+8/bin/win64/ext\php_gettext.dll (Kan opgegeven module niet vinden), C:/Program Files (x86)/Local/resources/extraResources/lightning-services/php-8.1.9+8/bin/win64/ext\php_php_gettext.dll.dll (Kan opgegeven module niet vinden)) in Unknown on line 0
[14-Oct-2023 13:01:15 UTC] PHP Warning:  PHP Startup: Unable to load dynamic library 'php_openssl.dll' (tried: C:/Program Files (x86)/Local/resources/extraResources/lightning-services/php-8.1.9+8/bin/win64/ext\php_openssl.dll (Kan opgegeven module niet vinden), C:/Program Files (x86)/Local/resources/extraResources/lightning-services/php-8.1.9+8/bin/win64/ext\php_php_openssl.dll.dll (Kan opgegeven module niet vinden)) in Unknown on line 0
[14-Oct-2023 13:01:15 UTC] PHP Warning:  PHP Startup: Unable to load dynamic library 'php_exif.dll' (tried: C:/Program Files (x86)/Local/resources/extraResources/lightning-services/php-8.1.9+8/bin/win64/ext\php_exif.dll (Kan opgegeven module niet vinden), C:/Program Files (x86)/Local/resources/extraResources/lightning-services/php-8.1.9+8/bin/win64/ext\php_php_exif.dll.dll (Kan opgegeven module niet vinden)) in Unknown on line 0
[14-Oct-2023 13:01:15 UTC] PHP Warning:  PHP Startup: Unable to load dynamic library 'php_gd.dll' (tried: C:/Program Files (x86)/Local/resources/extraResources/lightning-services/php-8.1.9+8/bin/win64/ext\php_gd.dll (Kan opgegeven module niet vinden), C:/Program Files (x86)/Local/resources/extraResources/lightning-services/php-8.1.9+8/bin/win64/ext\php_php_gd.dll.dll (Kan opgegeven module niet vinden)) in Unknown on line 0
[14-Oct-2023 13:01:15 UTC] PHP Warning:  PHP Startup: Unable to load dynamic library 'php_ftp.dll' (tried: C:/Program Files (x86)/Local/resources/extraResources/lightning-services/php-8.1.9+8/bin/win64/ext\php_ftp.dll (Kan opgegeven module niet vinden), C:/Program Files (x86)/Local/resources/extraResources/lightning-services/php-8.1.9+8/bin/win64/ext\php_php_ftp.dll.dll (Kan opgegeven module niet vinden)) in Unknown on line 0
[14-Oct-2023 13:01:15 UTC] PHP Warning:  PHP Startup: Unable to load dynamic library 'php_imap.dll' (tried: C:/Program Files (x86)/Local/resources/extraResources/lightning-services/php-8.1.9+8/bin/win64/ext\php_imap.dll (Kan opgegeven module niet vinden), C:/Program Files (x86)/Local/resources/extraResources/lightning-services/php-8.1.9+8/bin/win64/ext\php_php_imap.dll.dll (Kan opgegeven module niet vinden)) in Unknown on line 0
[14-Oct-2023 13:01:15 UTC] PHP Warning:  PHP Startup: Unable to load dynamic library 'php_bz2.dll' (tried: C:/Program Files (x86)/Local/resources/extraResources/lightning-services/php-8.1.9+8/bin/win64/ext\php_bz2.dll (Kan opgegeven module niet vinden), C:/Program Files (x86)/Local/resources/extraResources/lightning-services/php-8.1.9+8/bin/win64/ext\php_php_bz2.dll.dll (Kan opgegeven module niet vinden)) in Unknown on line 0
[14-Oct-2023 13:01:15 UTC] PHP Warning:  PHP Startup: Unable to load dynamic library 'php_mbstring.dll' (tried: C:/Program Files (x86)/Local/resources/extraResources/lightning-services/php-8.1.9+8/bin/win64/ext\php_mbstring.dll (Kan opgegeven module niet vinden), C:/Program Files (x86)/Local/resources/extraResources/lightning-services/php-8.1.9+8/bin/win64/ext\php_php_mbstring.dll.dll (Kan opgegeven module niet vinden)) in Unknown on line 0
[14-Oct-2023 13:01:15 UTC] PHP Warning:  PHP Startup: Unable to load dynamic library 'php_sodium.dll' (tried: C:/Program Files (x86)/Local/resources/extraResources/lightning-services/php-8.1.9+8/bin/win64/ext\php_sodium.dll (Kan opgegeven module niet vinden), C:/Program Files (x86)/Local/resources/extraResources/lightning-services/php-8.1.9+8/bin/win64/ext\php_php_sodium.dll.dll (Kan opgegeven module niet vinden)) in Unknown on line 0
[14-Oct-2023 13:01:15 UTC] PHP Warning:  PHP Startup: Unable to load dynamic library 'php_tidy.dll' (tried: C:/Program Files (x86)/Local/resources/extraResources/lightning-services/php-8.1.9+8/bin/win64/ext\php_tidy.dll (Kan opgegeven module niet vinden), C:/Program Files (x86)/Local/resources/extraResources/lightning-services/php-8.1.9+8/bin/win64/ext\php_php_tidy.dll.dll (Kan opgegeven module niet vinden)) in Unknown on line 0
[14-Oct-2023 13:01:15 UTC] PHP Warning:  PHP Startup: Unable to load dynamic library 'php_xsl.dll' (tried: C:/Program Files (x86)/Local/resources/extraResources/lightning-services/php-8.1.9+8/bin/win64/ext\php_xsl.dll (Kan opgegeven module niet vinden), C:/Program Files (x86)/Local/resources/extraResources/lightning-services/php-8.1.9+8/bin/win64/ext\php_php_xsl.dll.dll (Kan opgegeven module niet vinden)) in Unknown on line 0
[14-Oct-2023 13:01:15 UTC] PHP Warning:  PHP Startup: Unable to load dynamic library 'php_soap.dll' (tried: C:/Program Files (x86)/Local/resources/extraResources/lightning-services/php-8.1.9+8/bin/win64/ext\php_soap.dll (Kan opgegeven module niet vinden), C:/Program Files (x86)/Local/resources/extraResources/lightning-services/php-8.1.9+8/bin/win64/ext\php_php_soap.dll.dll (Kan opgegeven module niet vinden)) in Unknown on line 0
[14-Oct-2023 13:01:15 UTC] PHP Warning:  PHP Startup: Unable to load dynamic library 'php_mysqli.dll' (tried: C:/Program Files (x86)/Local/resources/extraResources/lightning-services/php-8.1.9+8/bin/win64/ext\php_mysqli.dll (Kan opgegeven module niet vinden), C:/Program Files (x86)/Local/resources/extraResources/lightning-services/php-8.1.9+8/bin/win64/ext\php_php_mysqli.dll.dll (Kan opgegeven module niet vinden)) in Unknown on line 0
[14-Oct-2023 13:01:15 UTC] PHP Warning:  PHP Startup: Unable to load dynamic library 'php_pdo_mysql.dll' (tried: C:/Program Files (x86)/Local/resources/extraResources/lightning-services/php-8.1.9+8/bin/win64/ext\php_pdo_mysql.dll (Kan opgegeven module niet vinden), C:/Program Files (x86)/Local/resources/extraResources/lightning-services/php-8.1.9+8/bin/win64/ext\php_php_pdo_mysql.dll.dll (Kan opgegeven module niet vinden)) in Unknown on line 0
[14-Oct-2023 13:01:15 UTC] PHP Warning:  PHP Startup: Unable to load dynamic library 'php_fileinfo.dll' (tried: C:/Program Files (x86)/Local/resources/extraResources/lightning-services/php-8.1.9+8/bin/win64/ext\php_fileinfo.dll (Kan opgegeven module niet vinden), C:/Program Files (x86)/Local/resources/extraResources/lightning-services/php-8.1.9+8/bin/win64/ext\php_php_fileinfo.dll.dll (Kan opgegeven module niet vinden)) in Unknown on line 0
[14-Oct-2023 13:01:15 UTC] PHP Warning:  PHP Startup: Unable to load dynamic library 'php_intl.dll' (tried: C:/Program Files (x86)/Local/resources/extraResources/lightning-services/php-8.1.9+8/bin/win64/ext\php_intl.dll (Kan opgegeven module niet vinden), C:/Program Files (x86)/Local/resources/extraResources/lightning-services/php-8.1.9+8/bin/win64/ext\php_php_intl.dll.dll (Kan opgegeven module niet vinden)) in Unknown on line 0
